<?xml version="1.0" encoding="UTF-8"?>
<!-- Generated by org.testng.reporters.JUnitReportReporter -->
<testsuite hostname="LAPTOP-KQLR3DVV" name="MainTest.CirclesLife_Ex" tests="3" failures="0" timestamp="26 May 2018 07:49:42 GMT" time="15.531" errors="0">
  <testcase name="email_verification" time="5.701" classname="MainTest.CirclesLife_Ex"/>
  <testcase name="login" time="3.929" classname="MainTest.CirclesLife_Ex"/>
  <testcase name="navigation_to_loginpage" time="5.901" classname="MainTest.CirclesLife_Ex"/>
</testsuite> <!-- MainTest.CirclesLife_Ex -->
