<?xml version="1.0" encoding="UTF-8"?>
<!-- Generated by org.testng.reporters.JUnitReportReporter -->
<testsuite hostname="LAPTOP-KQLR3DVV" name="MainTest.Test_Ex" tests="3" failures="0" timestamp="23 May 2018 17:07:35 GMT" time="21.170" errors="0">
  <testcase name="email_verification" time="6.409" classname="MainTest.Test_Ex"/>
  <testcase name="login" time="3.890" classname="MainTest.Test_Ex"/>
  <testcase name="navigation_to_loginpage" time="10.871" classname="MainTest.Test_Ex"/>
</testsuite> <!-- MainTest.Test_Ex -->
